# JRE version: Java(TM) SE Runtime Environment (19.0.2+7) (build 19.0.2+7-44)
# Java VM: Java HotSpot(TM) 64-Bit Server VM (19.0.2+7-44, mixed mode, sharing, tiered, compressed oops, compressed class ptrs, g1 gc, windows-amd64)
GC Precious Log:
 CardTable entry size: 512
 Card Set container configuration: InlinePtr #cards 5 size 8 Array Of Cards #cards 12 size 40 Howl #buckets 4 coarsen threshold 1843 Howl Bitmap #cards 512 size 80 coarsen threshold 460 Card regions per heap region 1 cards per card region 2048
 CPUs: 8 total, 8 available
 Memory: 6080M
 Large Page Support: Disabled
 NUMA Support: Disabled
 Compressed Oops: Enabled (32-bit)
 Heap Region Size: 1M
 Heap Min Capacity: 8M
 Heap Initial Capacity: 96M
 Heap Max Capacity: 1522M
 Pre-touch: Disabled
 Parallel Workers: 8
 Concurrent Workers: 2
 Concurrent Refinement Workers: 8
 Periodic GC: Disabled
Heap:
 garbage-first heap   total 294912K, used 211968K [0x00000000a0e00000, 0x0000000100000000)
  region size 1024K, 4 young (4096K), 4 survivors (4096K)
 Metaspace       used 584K, committed 768K, reserved 1114112K
  class space    used 37K, committed 128K, reserved 1048576K
GC Heap History (19 events):
Event: 23.230 GC heap before
{Heap before GC invocations=0 (full 0):
 garbage-first heap   total 98304K, used 23552K [0x00000000a0e00000, 0x0000000100000000)
  region size 1024K, 23 young (23552K), 0 survivors (0K)
 Metaspace       used 578K, committed 768K, reserved 1114112K
  class space    used 37K, committed 128K, reserved 1048576K
}
Event: 23.278 GC heap after
{Heap after GC invocations=1 (full 0):
 garbage-first heap   total 98304K, used 22080K [0x00000000a0e00000, 0x0000000100000000)
  region size 1024K, 3 young (3072K), 3 survivors (3072K)
 Metaspace       used 578K, committed 768K, reserved 1114112K
  class space    used 37K, committed 128K, reserved 1048576K
}
Event: 23.283 GC heap before
{Heap before GC invocations=1 (full 0):
 garbage-first heap   total 98304K, used 35392K [0x00000000a0e00000, 0x0000000100000000)
  region size 1024K, 16 young (16384K), 3 survivors (3072K)
 Metaspace       used 584K, committed 768K, reserved 1114112K
  class space    used 37K, committed 128K, reserved 1048576K
}
Event: 23.321 GC heap after
{Heap after GC invocations=2 (full 0):
 garbage-first heap   total 98304K, used 35328K [0x00000000a0e00000, 0x0000000100000000)
  region size 1024K, 2 young (2048K), 2 survivors (2048K)
 Metaspace       used 584K, committed 768K, reserved 1114112K
  class space    used 37K, committed 128K, reserved 1048576K
}
Event: 23.328 GC heap before
{Heap before GC invocations=2 (full 0):
 garbage-first heap   total 98304K, used 50688K [0x00000000a0e00000, 0x0000000100000000)
  region size 1024K, 17 young (17408K), 2 survivors (2048K)
 Metaspace       used 584K, committed 768K, reserved 1114112K
  class space    used 37K, committed 128K, reserved 1048576K
}
Event: 23.361 GC heap after
{Heap after GC invocations=3 (full 0):
 garbage-first heap   total 98304K, used 51200K [0x00000000a0e00000, 0x0000000100000000)
  region size 1024K, 3 young (3072K), 3 survivors (3072K)
 Metaspace       used 584K, committed 768K, reserved 1114112K
  class space    used 37K, committed 128K, reserved 1048576K
}
Event: 23.368 GC heap before
{Heap before GC invocations=3 (full 0):
 garbage-first heap   total 98304K, used 61440K [0x00000000a0e00000, 0x0000000100000000)
  region size 1024K, 13 young (13312K), 3 survivors (3072K)
 Metaspace       used 584K, committed 768K, reserved 1114112K
  class space    used 37K, committed 128K, reserved 1048576K
}
Event: 23.388 GC heap after
{Heap after GC invocations=4 (full 0):
 garbage-first heap   total 98304K, used 61952K [0x00000000a0e00000, 0x0000000100000000)
  region size 1024K, 2 young (2048K), 2 survivors (2048K)
 Metaspace       used 584K, committed 768K, reserved 1114112K
  class space    used 37K, committed 128K, reserved 1048576K
}
Event: 23.392 GC heap before
{Heap before GC invocations=4 (full 0):
 garbage-first heap   total 98304K, used 69120K [0x00000000a0e00000, 0x0000000100000000)
  region size 1024K, 9 young (9216K), 2 survivors (2048K)
 Metaspace       used 584K, committed 768K, reserved 1114112K
  class space    used 37K, committed 128K, reserved 1048576K
}
Event: 23.415 GC heap after
{Heap after GC invocations=5 (full 0):
 garbage-first heap   total 98304K, used 69120K [0x00000000a0e00000, 0x0000000100000000)
  region size 1024K, 2 young (2048K), 2 survivors (2048K)
 Metaspace       used 584K, committed 768K, reserved 1114112K
  class space    used 37K, committed 128K, reserved 1048576K
}
Event: 23.418 GC heap before
{Heap before GC invocations=5 (full 0):
 garbage-first heap   total 98304K, used 73216K [0x00000000a0e00000, 0x0000000100000000)
  region size 1024K, 6 young (6144K), 2 survivors (2048K)
 Metaspace       used 584K, committed 768K, reserved 1114112K
  class space    used 37K, committed 128K, reserved 1048576K
}
Event: 23.433 GC heap after
{Heap after GC invocations=6 (full 0):
 garbage-first heap   total 294912K, used 73728K [0x00000000a0e00000, 0x0000000100000000)
  region size 1024K, 1 young (1024K), 1 survivors (1024K)
 Metaspace       used 584K, committed 768K, reserved 1114112K
  class space    used 37K, committed 128K, reserved 1048576K
}
Event: 23.478 GC heap before
{Heap before GC invocations=6 (full 0):
 garbage-first heap   total 294912K, used 105472K [0x00000000a0e00000, 0x0000000100000000)
  region size 1024K, 32 young (32768K), 1 survivors (1024K)
 Metaspace       used 584K, committed 768K, reserved 1114112K
  class space    used 37K, committed 128K, reserved 1048576K
}
Event: 23.648 GC heap after
{Heap after GC invocations=7 (full 0):
 garbage-first heap   total 294912K, used 106064K [0x00000000a0e00000, 0x0000000100000000)
  region size 1024K, 4 young (4096K), 4 survivors (4096K)
 Metaspace       used 584K, committed 768K, reserved 1114112K
  class space    used 37K, committed 128K, reserved 1048576K
}
Event: 23.692 GC heap before
{Heap before GC invocations=7 (full 0):
 garbage-first heap   total 294912K, used 150096K [0x00000000a0e00000, 0x0000000100000000)
  region size 1024K, 47 young (48128K), 4 survivors (4096K)
 Metaspace       used 584K, committed 768K, reserved 1114112K
  class space    used 37K, committed 128K, reserved 1048576K
}
Event: 23.950 GC heap after
{Heap after GC invocations=8 (full 0):
 garbage-first heap   total 294912K, used 151552K [0x00000000a0e00000, 0x0000000100000000)
  region size 1024K, 6 young (6144K), 6 survivors (6144K)
 Metaspace       used 584K, committed 768K, reserved 1114112K
  class space    used 37K, committed 128K, reserved 1048576K
}
Event: 23.972 GC heap before
{Heap before GC invocations=8 (full 0):
 garbage-first heap   total 294912K, used 186368K [0x00000000a0e00000, 0x0000000100000000)
  region size 1024K, 40 young (40960K), 6 survivors (6144K)
 Metaspace       used 584K, committed 768K, reserved 1114112K
  class space    used 37K, committed 128K, reserved 1048576K
}
Event: 24.152 GC heap after
{Heap after GC invocations=9 (full 0):
 garbage-first heap   total 294912K, used 187904K [0x00000000a0e00000, 0x0000000100000000)
  region size 1024K, 5 young (5120K), 5 survivors (5120K)
 Metaspace       used 584K, committed 768K, reserved 1114112K
  class space    used 37K, committed 128K, reserved 1048576K
}
Event: 24.168 GC heap before
{Heap before GC invocations=9 (full 0):
 garbage-first heap   total 294912K, used 210432K [0x00000000a0e00000, 0x0000000100000000)
  region size 1024K, 27 young (27648K), 5 survivors (5120K)
 Metaspace       used 584K, committed 768K, reserved 1114112K
  class space    used 37K, committed 128K, reserved 1048576K
}

